24.10.2024 1:26:21: [Info] Программа запустилась
24.10.2024 1:26:21: [Info] Данные получены
24.10.2024 1:26:21: [Info] Данные сохранены
24.10.2024 1:26:37: [Info] Программа запустилась
24.10.2024 1:26:37: [Info] Данные получены
24.10.2024 1:26:37: [Info] Данные сохранены
24.10.2024 1:26:44: [Info] Программа запустилась
24.10.2024 1:26:44: [Info] Данные получены
24.10.2024 1:26:44: [Info] Данные сохранены
24.10.2024 1:26:49: [Info] Программа запустилась
24.10.2024 1:26:49: [Error] Дата начала должна быть раньше даты окончания.
24.10.2024 1:26:54: [Info] Программа запустилась
24.10.2024 1:26:54: [Info] Данные получены
24.10.2024 1:26:54: [Info] Данные сохранены
24.10.2024 1:27:04: [Info] Программа запустилась
24.10.2024 1:27:05: [Info] Данные получены
24.10.2024 1:27:05: [Info] Данные сохранены
24.10.2024 1:28:06: [Info] Программа запустилась
24.10.2024 1:28:07: [Error] Необходимы параметры: cityDistrict startDate endDate source
24.10.2024 1:28:08: [Info] Программа запустилась
24.10.2024 1:28:08: [Info] Данные получены
24.10.2024 1:28:08: [Info] Данные сохранены
24.10.2024 1:28:20: [Info] Программа запустилась
24.10.2024 1:28:20: [Error] Необходимы параметры: cityDistrict startDate endDate source
24.10.2024 1:28:23: [Info] Программа запустилась
24.10.2024 1:28:23: [Info] Данные получены
24.10.2024 1:28:23: [Info] Данные сохранены
24.10.2024 1:28:31: [Info] Программа запустилась
24.10.2024 1:28:32: [Info] Данные получены
24.10.2024 1:28:32: [Info] Данные сохранены
24.10.2024 1:28:37: [Info] Программа запустилась
24.10.2024 1:28:38: [Error] Необходимы параметры: cityDistrict startDate endDate source
24.10.2024 1:28:39: [Info] Программа запустилась
24.10.2024 1:28:39: [Info] Данные получены
24.10.2024 1:28:39: [Info] Данные сохранены
24.10.2024 1:28:51: [Info] Программа запустилась
24.10.2024 1:28:52: [Error] Необходимы параметры: cityDistrict startDate endDate source
24.10.2024 1:28:55: [Info] Программа запустилась
24.10.2024 1:28:55: [Info] Данные получены
24.10.2024 1:28:55: [Info] Данные сохранены
24.10.2024 1:30:12: [Info] Программа запустилась
24.10.2024 1:30:12: [Error] Необходимы параметры: cityDistrict startDate endDate source
24.10.2024 1:30:15: [Info] Программа запустилась
24.10.2024 1:30:15: [Info] Данные получены
24.10.2024 1:30:15: [Info] Данные сохранены
24.10.2024 1:30:34: [Info] Программа запустилась
24.10.2024 1:30:34: [Error] Необходимы параметры: cityDistrict startDate endDate source
24.10.2024 1:30:35: [Info] Программа запустилась
24.10.2024 1:30:35: [Info] Данные получены
24.10.2024 1:30:35: [Info] Данные сохранены
24.10.2024 1:30:49: [Info] Программа запустилась
24.10.2024 1:30:49: [Error] Необходимы параметры: cityDistrict startDate endDate source
24.10.2024 1:30:56: [Info] Программа запустилась
24.10.2024 1:30:56: [Info] Данные получены
24.10.2024 1:30:56: [Info] Данные сохранены
24.10.2024 1:31:41: [Info] Программа запустилась
24.10.2024 1:31:41: [Error] Необходимы параметры: cityDistrict startDate endDate source
24.10.2024 1:31:42: [Info] Программа запустилась
24.10.2024 1:31:43: [Info] Данные получены
24.10.2024 1:31:43: [Info] Данные сохранены
24.10.2024 1:31:46: [Info] Программа запустилась
24.10.2024 1:31:46: [Info] Данные получены
24.10.2024 1:31:46: [Info] Данные сохранены
24.10.2024 1:31:58: [Info] Программа запустилась
24.10.2024 1:31:58: [Error] Необходимы параметры: cityDistrict startDate endDate source
24.10.2024 1:32:01: [Info] Программа запустилась
24.10.2024 1:32:01: [Info] Данные получены
24.10.2024 1:32:01: [Info] Данные сохранены
24.10.2024 1:34:58: [Info] Программа запустилась
24.10.2024 1:34:58: [Error] Необходимы параметры: cityDistrict startDate endDate source
24.10.2024 1:34:59: [Info] Программа запустилась
24.10.2024 1:34:59: [Info] Данные получены
24.10.2024 1:34:59: [Info] Данные сохранены
24.10.2024 1:35:01: [Info] Программа запустилась
24.10.2024 1:35:01: [Info] Данные получены
24.10.2024 1:35:01: [Info] Данные сохранены
24.10.2024 1:35:02: [Info] Программа запустилась
24.10.2024 1:35:03: [Info] Данные получены
24.10.2024 1:35:03: [Info] Данные сохранены
24.10.2024 1:35:04: [Info] Программа запустилась
24.10.2024 1:35:04: [Error] Дата начала должна быть раньше даты окончания.
24.10.2024 1:35:24: [Info] Программа запустилась
24.10.2024 1:35:24: [Error] Необходимы параметры: cityDistrict startDate endDate source
24.10.2024 1:35:27: [Info] Программа запустилась
24.10.2024 1:35:27: [Error] Дата начала должна быть раньше даты окончания.
24.10.2024 1:35:30: [Info] Программа запустилась
24.10.2024 1:35:30: [Info] Данные получены
24.10.2024 1:35:30: [Info] Данные сохранены
24.10.2024 1:35:35: [Info] Программа запустилась
24.10.2024 1:35:35: [Info] Данные получены
24.10.2024 1:35:35: [Info] Данные сохранены
24.10.2024 1:35:36: [Info] Программа запустилась
24.10.2024 1:35:37: [Info] Данные получены
24.10.2024 1:35:37: [Info] Данные сохранены
24.10.2024 1:35:38: [Info] Программа запустилась
24.10.2024 1:35:38: [Info] Данные получены
24.10.2024 1:35:38: [Info] Данные сохранены
24.10.2024 1:35:39: [Info] Программа запустилась
24.10.2024 1:35:40: [Info] Данные получены
24.10.2024 1:35:40: [Info] Данные сохранены
24.10.2024 1:35:56: [Info] Программа запустилась
24.10.2024 1:35:56: [Info] Данные получены
24.10.2024 1:35:56: [Info] Данные сохранены
24.10.2024 1:35:58: [Info] Программа запустилась
24.10.2024 1:35:58: [Info] Данные получены
24.10.2024 1:35:58: [Info] Данные сохранены
24.10.2024 9:17:27: [Info] Программа запустилась
24.10.2024 9:17:27: [Info] Данные получены
24.10.2024 9:17:27: [Info] Данные сохранены
24.10.2024 9:17:28: [Info] Программа запустилась
24.10.2024 9:17:28: [Error] Необходимы параметры: cityDistrict startDate endDate source
24.10.2024 9:17:31: [Info] Программа запустилась
24.10.2024 9:17:31: [Info] Данные получены
24.10.2024 9:17:31: [Info] Данные сохранены
24.10.2024 9:17:35: [Info] Программа запустилась
24.10.2024 9:17:35: [Info] Данные получены
24.10.2024 9:17:35: [Info] Данные сохранены
24.10.2024 9:40:39: [Info] Программа запустилась
24.10.2024 9:40:39: [Error] Необходимы параметры: cityDistrict startDate endDate source
24.10.2024 9:40:42: [Info] Программа запустилась
24.10.2024 9:40:42: [Info] Данные получены
24.10.2024 9:40:42: [Info] Данные сохранены
24.10.2024 9:40:54: [Info] Программа запустилась
24.10.2024 10:34:04: [Info] Программа запустилась
24.10.2024 10:34:04: [Info] Данные получены
24.10.2024 10:34:04: [Info] Данные сохранены
24.10.2024 10:35:34: [Info] Программа запустилась
24.10.2024 10:35:34: [Info] Данные получены
24.10.2024 10:35:34: [Info] Данные сохранены
24.10.2024 10:36:23: [Info] Программа запустилась
24.10.2024 10:36:23: [Info] Данные получены
24.10.2024 10:36:23: [Info] Данные сохранены
24.10.2024 13:24:40: [Info] Программа запустилась
24.10.2024 13:24:40: [Info] Данные получены
24.10.2024 13:24:40: [Info] Данные сохранены
24.10.2024 13:27:29: [Info] Программа запустилась
24.10.2024 13:27:29: [Info] Данные получены
24.10.2024 13:27:29: [Info] Данные сохранены
24.10.2024 13:27:34: [Info] Программа запустилась
24.10.2024 13:27:34: [Info] Данные получены
24.10.2024 13:27:34: [Info] Данные сохранены
24.10.2024 13:28:13: [Info] Программа запустилась
24.10.2024 13:28:13: [Info] Данные получены
24.10.2024 13:28:13: [Info] Данные сохранены
24.10.2024 13:36:01: [Error] Test exception
24.10.2024 17:14:37: [Info] Программа запустилась
24.10.2024 17:14:38: [Info] Данные получены
24.10.2024 17:14:38: [Info] Данные сохранены
25.10.2024 0:01:08: [Info] Программа запустилась
25.10.2024 0:01:08: [Info] Данные получены
25.10.2024 0:01:08: [Info] Данные сохранены
25.10.2024 0:01:34: [Info] Программа запустилась
25.10.2024 0:01:34: [Info] Данные получены
25.10.2024 0:01:34: [Info] Данные сохранены
25.10.2024 0:01:54: [Info] Программа запустилась
25.10.2024 0:01:54: [Info] Данные получены
25.10.2024 0:01:54: [Info] Данные сохранены
25.10.2024 0:02:47: [Info] Программа запустилась
25.10.2024 0:02:47: [Info] Данные получены
25.10.2024 0:02:47: [Info] Данные сохранены
